[INFO#1]2024-07-10T15:28:18.095506800 === Сервер запущен
[INFO#2]2024-07-10T15:28:47.402401200 === qqq: подключился! 
[INFO#3]2024-07-10T15:29:16.820056900 === qqq: rrrrrrrrrrrrrrrr
[INFO#4]2024-07-10T15:29:56.616758 === qqq: 
[INFO#5]2024-07-10T15:30:11.901834300 === qqq: вышел из чата.
[INFO#1]2024-07-10T15:31:45.878506700 === Сервер запущен
[INFO#1]2024-07-10T15:32:44.293066900 === Сервер запущен
[INFO#1]2024-07-10T15:36:56.955031900 === Сервер запущен
[INFO#1]2024-07-10T15:44:48.233016500 === Сервер запущен
[INFO#1]2024-07-11T13:13:04.373637 === Сервер запущен
[INFO#2]2024-07-11T13:13:24.177860500 === stas: подключился! 
[INFO#3]2024-07-11T13:13:59.367212500 === stas: qqq
[INFO#4]2024-07-11T13:14:02.616888300 === stas: www
[INFO#5]2024-07-11T13:14:06.696960 === stas: вышел из чата.
[INFO#6]2024-07-11T13:14:42.381897600 === alex: подключился! 
[INFO#7]2024-07-11T13:14:42.381897600 === alex: подключился! 
[INFO#8]2024-07-11T13:14:48.923942 === alex: ghbdtn
[INFO#9]2024-07-11T13:14:48.923942 === alex: ghbdtn
[INFO#10]2024-07-11T13:14:52.652574700 === alex: jdfghkdfgjh
[INFO#11]2024-07-11T13:14:52.652574700 === alex: jdfghkdfgjh
[INFO#12]2024-07-11T13:14:55.912009100 === alex: вышел из чата.
[INFO#13]2024-07-11T13:14:55.912009100 === alex: вышел из чата.
[INFO#14]2024-07-11T13:50:49.138525500 === www: подключился! 
[INFO#15]2024-07-11T13:50:49.138525500 === www: подключился! 
[INFO#16]2024-07-11T13:50:49.138525500 === www: подключился! 
[INFO#17]2024-07-11T13:50:52.457224400 === www: qqq
[INFO#18]2024-07-11T13:50:52.457224400 === www: qqq
[INFO#19]2024-07-11T13:50:52.457224400 === www: qqq
[INFO#20]2024-07-11T13:50:54.832266700 === www: qqq2
[INFO#21]2024-07-11T13:50:54.832266700 === www: qqq2
[INFO#22]2024-07-11T13:50:54.832266700 === www: qqq2
[INFO#23]2024-07-11T13:50:57.558790800 === www: вышел из чата.
[INFO#24]2024-07-11T13:50:57.558790800 === www: вышел из чата.
[INFO#25]2024-07-11T13:50:57.558790800 === www: вышел из чата.
[INFO#1]2024-07-12T13:30:22.364079600 === Сервер запущен
